# JRE version: OpenJDK Runtime Environment (8.0_152-b02) (build 1.8.0_152-release-1024-b02)
# Java VM: OpenJDK 64-Bit Server VM (25.152-b02 mixed mode windows-amd64 compressed oops)
Heap:
 PSYoungGen      total 472064K, used 325430K [0x00000000e0000000, 0x0000000100000000, 0x0000000100000000)
  eden space 436224K, 70% used [0x00000000e0000000,0x00000000f2d81798,0x00000000faa00000)
  from space 35840K, 46% used [0x00000000fdd00000,0x00000000fed4c100,0x0000000100000000)
  to   space 44032K, 0% used [0x00000000faa00000,0x00000000faa00000,0x00000000fd500000)
 ParOldGen       total 279552K, used 93299K [0x00000000a0000000, 0x00000000b1100000, 0x00000000e0000000)
  object space 279552K, 33% used [0x00000000a0000000,0x00000000a5b1cf50,0x00000000b1100000)
 Metaspace       used 86406K, capacity 90694K, committed 90968K, reserved 1128448K
  class space    used 11022K, capacity 11841K, committed 11904K, reserved 1048576K
GC Heap History (10 events):
Event: 80.451 GC heap before
{Heap before GC invocations=29 (full 3):
 PSYoungGen      total 484864K, used 452925K [0x00000000e0000000, 0x00000000ffd80000, 0x0000000100000000)
  eden space 448000K, 100% used [0x00000000e0000000,0x00000000fb580000,0x00000000fb580000)
  from space 36864K, 13% used [0x00000000fb580000,0x00000000fba4f4a8,0x00000000fd980000)
  to   space 36352K, 0% used [0x00000000fda00000,0x00000000fda00000,0x00000000ffd80000)
 ParOldGen       total 279552K, used 65530K [0x00000000a0000000, 0x00000000b1100000, 0x00000000e0000000)
  object space 279552K, 23% used [0x00000000a0000000,0x00000000a3ffe808,0x00000000b1100000)
 Metaspace       used 80344K, capacity 83992K, committed 84184K, reserved 1122304K
  class space    used 10500K, capacity 11174K, committed 11264K, reserved 1048576K
Event: 80.470 GC heap after
Heap after GC invocations=29 (full 3):
 PSYoungGen      total 485888K, used 8864K [0x00000000e0000000, 0x00000000ffc80000, 0x0000000100000000)
  eden space 450560K, 0% used [0x00000000e0000000,0x00000000e0000000,0x00000000fb800000)
  from space 35328K, 25% used [0x00000000fda00000,0x00000000fe2a8298,0x00000000ffc80000)
  to   space 34816K, 0% used [0x00000000fb800000,0x00000000fb800000,0x00000000fda00000)
 ParOldGen       total 279552K, used 65554K [0x00000000a0000000, 0x00000000b1100000, 0x00000000e0000000)
  object space 279552K, 23% used [0x00000000a0000000,0x00000000a4004808,0x00000000b1100000)
 Metaspace       used 80344K, capacity 83992K, committed 84184K, reserved 1122304K
  class space    used 10500K, capacity 11174K, committed 11264K, reserved 1048576K
}
Event: 81.512 GC heap before
{Heap before GC invocations=30 (full 3):
 PSYoungGen      total 485888K, used 459424K [0x00000000e0000000, 0x00000000ffc80000, 0x0000000100000000)
  eden space 450560K, 100% used [0x00000000e0000000,0x00000000fb800000,0x00000000fb800000)
  from space 35328K, 25% used [0x00000000fda00000,0x00000000fe2a8298,0x00000000ffc80000)
  to   space 34816K, 0% used [0x00000000fb800000,0x00000000fb800000,0x00000000fda00000)
 ParOldGen       total 279552K, used 65554K [0x00000000a0000000, 0x00000000b1100000, 0x00000000e0000000)
  object space 279552K, 23% used [0x00000000a0000000,0x00000000a4004808,0x00000000b1100000)
 Metaspace       used 80358K, capacity 83992K, committed 84184K, reserved 1122304K
  class space    used 10500K, capacity 11174K, committed 11264K, reserved 1048576K
Event: 81.535 GC heap after
Heap after GC invocations=30 (full 3):
 PSYoungGen      total 485376K, used 1889K [0x00000000e0000000, 0x00000000ffe80000, 0x0000000100000000)
  eden space 450560K, 0% used [0x00000000e0000000,0x00000000e0000000,0x00000000fb800000)
  from space 34816K, 5% used [0x00000000fb800000,0x00000000fb9d8758,0x00000000fda00000)
  to   space 34304K, 0% used [0x00000000fdd00000,0x00000000fdd00000,0x00000000ffe80000)
 ParOldGen       total 279552K, used 65586K [0x00000000a0000000, 0x00000000b1100000, 0x00000000e0000000)
  object space 279552K, 23% used [0x00000000a0000000,0x00000000a400c808,0x00000000b1100000)
 Metaspace       used 80358K, capacity 83992K, committed 84184K, reserved 1122304K
  class space    used 10500K, capacity 11174K, committed 11264K, reserved 1048576K
}
Event: 92.659 GC heap before
{Heap before GC invocations=31 (full 3):
 PSYoungGen      total 485376K, used 452344K [0x00000000e0000000, 0x00000000ffe80000, 0x0000000100000000)
  eden space 450560K, 99% used [0x00000000e0000000,0x00000000fb7e5ab0,0x00000000fb800000)
  from space 34816K, 5% used [0x00000000fb800000,0x00000000fb9d8758,0x00000000fda00000)
  to   space 34304K, 0% used [0x00000000fdd00000,0x00000000fdd00000,0x00000000ffe80000)
 ParOldGen       total 279552K, used 65586K [0x00000000a0000000, 0x00000000b1100000, 0x00000000e0000000)
  object space 279552K, 23% used [0x00000000a0000000,0x00000000a400c808,0x00000000b1100000)
 Metaspace       used 80628K, capacity 84274K, committed 84440K, reserved 1122304K
  class space    used 10512K, capacity 11215K, committed 11264K, reserved 1048576K
Event: 92.668 GC heap after
Heap after GC invocations=31 (full 3):
 PSYoungGen      total 488448K, used 1134K [0x00000000e0000000, 0x00000000fff80000, 0x0000000100000000)
  eden space 454144K, 0% used [0x00000000e0000000,0x00000000e0000000,0x00000000fbb80000)
  from space 34304K, 3% used [0x00000000fdd00000,0x00000000fde1bab8,0x00000000ffe80000)
  to   space 34304K, 0% used [0x00000000fbb80000,0x00000000fbb80000,0x00000000fdd00000)
 ParOldGen       total 279552K, used 65602K [0x00000000a0000000, 0x00000000b1100000, 0x00000000e0000000)
  object space 279552K, 23% used [0x00000000a0000000,0x00000000a4010808,0x00000000b1100000)
 Metaspace       used 80628K, capacity 84274K, committed 84440K, reserved 1122304K
  class space    used 10512K, capacity 11215K, committed 11264K, reserved 1048576K
}
Event: 101.236 GC heap before
{Heap before GC invocations=32 (full 3):
 PSYoungGen      total 488448K, used 455278K [0x00000000e0000000, 0x00000000fff80000, 0x0000000100000000)
  eden space 454144K, 100% used [0x00000000e0000000,0x00000000fbb80000,0x00000000fbb80000)
  from space 34304K, 3% used [0x00000000fdd00000,0x00000000fde1bab8,0x00000000ffe80000)
  to   space 34304K, 0% used [0x00000000fbb80000,0x00000000fbb80000,0x00000000fdd00000)
 ParOldGen       total 279552K, used 65602K [0x00000000a0000000, 0x00000000b1100000, 0x00000000e0000000)
  object space 279552K, 23% used [0x00000000a0000000,0x00000000a4010808,0x00000000b1100000)
 Metaspace       used 81249K, capacity 84934K, committed 85080K, reserved 1122304K
  class space    used 10563K, capacity 11269K, committed 11392K, reserved 1048576K
Event: 101.319 GC heap after
Heap after GC invocations=32 (full 3):
 PSYoungGen      total 488448K, used 34274K [0x00000000e0000000, 0x0000000100000000, 0x0000000100000000)
  eden space 454144K, 0% used [0x00000000e0000000,0x00000000e0000000,0x00000000fbb80000)
  from space 34304K, 99% used [0x00000000fbb80000,0x00000000fdcf8bd0,0x00000000fdd00000)
  to   space 35840K, 0% used [0x00000000fdd00000,0x00000000fdd00000,0x0000000100000000)
 ParOldGen       total 279552K, used 81638K [0x00000000a0000000, 0x00000000b1100000, 0x00000000e0000000)
  object space 279552K, 29% used [0x00000000a0000000,0x00000000a4fb9ae8,0x00000000b1100000)
 Metaspace       used 81249K, capacity 84934K, committed 85080K, reserved 1122304K
  class space    used 10563K, capacity 11269K, committed 11392K, reserved 1048576K
}
Event: 462.484 GC heap before
{Heap before GC invocations=33 (full 3):
 PSYoungGen      total 488448K, used 488418K [0x00000000e0000000, 0x0000000100000000, 0x0000000100000000)
  eden space 454144K, 100% used [0x00000000e0000000,0x00000000fbb80000,0x00000000fbb80000)
  from space 34304K, 99% used [0x00000000fbb80000,0x00000000fdcf8bd0,0x00000000fdd00000)
  to   space 35840K, 0% used [0x00000000fdd00000,0x00000000fdd00000,0x0000000100000000)
 ParOldGen       total 279552K, used 81638K [0x00000000a0000000, 0x00000000b1100000, 0x00000000e0000000)
  object space 279552K, 29% used [0x00000000a0000000,0x00000000a4fb9ae8,0x00000000b1100000)
 Metaspace       used 85716K, capacity 89828K, committed 90200K, reserved 1128448K
  class space    used 10991K, capacity 11790K, committed 11904K, reserved 1048576K
Event: 462.537 GC heap after
Heap after GC invocations=33 (full 3):
 PSYoungGen      total 472064K, used 16688K [0x00000000e0000000, 0x0000000100000000, 0x0000000100000000)
  eden space 436224K, 0% used [0x00000000e0000000,0x00000000e0000000,0x00000000faa00000)
  from space 35840K, 46% used [0x00000000fdd00000,0x00000000fed4c100,0x0000000100000000)
  to   space 44032K, 0% used [0x00000000faa00000,0x00000000faa00000,0x00000000fd500000)
 ParOldGen       total 279552K, used 93299K [0x00000000a0000000, 0x00000000b1100000, 0x00000000e0000000)
  object space 279552K, 33% used [0x00000000a0000000,0x00000000a5b1cf50,0x00000000b1100000)
 Metaspace       used 85716K, capacity 89828K, committed 90200K, reserved 1128448K
  class space    used 10991K, capacity 11790K, committed 11904K, reserved 1048576K
}

